TN:
SF:src\App.tsx
FN:8,App
FN:13,addTask
FN:22,removeTask
FN:23,(anonymous_3)
FN:31,(anonymous_4)
FN:32,(anonymous_5)
FN:39,(anonymous_6)
FN:42,(anonymous_7)
FNF:8
FNH:8
FNDA:52,App
FNDA:19,addTask
FNDA:2,removeTask
FNDA:4,(anonymous_3)
FNDA:19,(anonymous_4)
FNDA:1,(anonymous_5)
FNDA:30,(anonymous_6)
FNDA:2,(anonymous_7)
DA:1,1
DA:9,52
DA:10,52
DA:11,52
DA:14,19
DA:15,19
DA:16,16
DA:17,16
DA:18,16
DA:23,4
DA:26,52
DA:31,19
DA:33,1
DA:40,30
DA:42,2
DA:50,1
LF:16
LH:16
BRDA:15,0,0,16
BRDA:15,1,0,19
BRDA:15,1,1,17
BRDA:33,2,0,1
BRF:4
BRH:4
end_of_record
